# JRE version: Java(TM) SE Runtime Environment (8.0_131-b11) (build 1.8.0_131-b11)
# Java VM: Java HotSpot(TM) 64-Bit Server VM (25.131-b11 mixed mode linux-amd64 compressed oops)
Heap:
 PSYoungGen      total 164352K, used 33214K [0x00000000ebb80000, 0x0000000100000000, 0x0000000100000000)
  eden space 89600K, 0% used [0x00000000ebb80000,0x00000000ebb80000,0x00000000f1300000)
  from space 74752K, 44% used [0x00000000f1300000,0x00000000f336fa70,0x00000000f5c00000)
  to   space 110592K, 0% used [0x00000000f9400000,0x00000000f9400000,0x0000000100000000)
 ParOldGen       total 290304K, used 289999K [0x00000000c3200000, 0x00000000d4d80000, 0x00000000ebb80000)
  object space 290304K, 99% used [0x00000000c3200000,0x00000000d4d33f00,0x00000000d4d80000)
 Metaspace       used 6478K, capacity 6624K, committed 6784K, reserved 1056768K
  class space    used 779K, capacity 823K, committed 896K, reserved 1048576K
GC Heap History (10 events):
Event: 0,831 GC heap after
Heap after GC invocations=9 (full 3):
 PSYoungGen      total 92672K, used 31648K [0x00000000ebb80000, 0x00000000f4400000, 0x0000000100000000)
  eden space 53760K, 0% used [0x00000000ebb80000,0x00000000ebb80000,0x00000000ef000000)
  from space 38912K, 81% used [0x00000000f1e00000,0x00000000f3ce8000,0x00000000f4400000)
  to   space 43008K, 0% used [0x00000000ef000000,0x00000000ef000000,0x00000000f1a00000)
 ParOldGen       total 190464K, used 99587K [0x00000000c3200000, 0x00000000cec00000, 0x00000000ebb80000)
  object space 190464K, 52% used [0x00000000c3200000,0x00000000c9340f48,0x00000000cec00000)
 Metaspace       used 6478K, capacity 6624K, committed 6784K, reserved 1056768K
  class space    used 779K, capacity 823K, committed 896K, reserved 1048576K
}
Event: 0,850 GC heap before
{Heap before GC invocations=10 (full 3):
 PSYoungGen      total 92672K, used 85408K [0x00000000ebb80000, 0x00000000f4400000, 0x0000000100000000)
  eden space 53760K, 100% used [0x00000000ebb80000,0x00000000ef000000,0x00000000ef000000)
  from space 38912K, 81% used [0x00000000f1e00000,0x00000000f3ce8000,0x00000000f4400000)
  to   space 43008K, 0% used [0x00000000ef000000,0x00000000ef000000,0x00000000f1a00000)
 ParOldGen       total 190464K, used 99587K [0x00000000c3200000, 0x00000000cec00000, 0x00000000ebb80000)
  object space 190464K, 52% used [0x00000000c3200000,0x00000000c9340f48,0x00000000cec00000)
 Metaspace       used 6478K, capacity 6624K, committed 6784K, reserved 1056768K
  class space    used 779K, capacity 823K, committed 896K, reserved 1048576K
Event: 0,883 GC heap after
Heap after GC invocations=10 (full 3):
 PSYoungGen      total 96768K, used 43008K [0x00000000ebb80000, 0x00000000fa280000, 0x0000000100000000)
  eden space 53760K, 0% used [0x00000000ebb80000,0x00000000ebb80000,0x00000000ef000000)
  from space 43008K, 100% used [0x00000000ef000000,0x00000000f1a00000,0x00000000f1a00000)
  to   space 71680K, 0% used [0x00000000f5c80000,0x00000000f5c80000,0x00000000fa280000)
 ParOldGen       total 190464K, used 146048K [0x00000000c3200000, 0x00000000cec00000, 0x00000000ebb80000)
  object space 190464K, 76% used [0x00000000c3200000,0x00000000cc0a02e8,0x00000000cec00000)
 Metaspace       used 6478K, capacity 6624K, committed 6784K, reserved 1056768K
  class space    used 779K, capacity 823K, committed 896K, reserved 1048576K
}
Event: 0,883 GC heap before
{Heap before GC invocations=11 (full 4):
 PSYoungGen      total 96768K, used 43008K [0x00000000ebb80000, 0x00000000fa280000, 0x0000000100000000)
  eden space 53760K, 0% used [0x00000000ebb80000,0x00000000ebb80000,0x00000000ef000000)
  from space 43008K, 100% used [0x00000000ef000000,0x00000000f1a00000,0x00000000f1a00000)
  to   space 71680K, 0% used [0x00000000f5c80000,0x00000000f5c80000,0x00000000fa280000)
 ParOldGen       total 190464K, used 146048K [0x00000000c3200000, 0x00000000cec00000, 0x00000000ebb80000)
  object space 190464K, 76% used [0x00000000c3200000,0x00000000cc0a02e8,0x00000000cec00000)
 Metaspace       used 6478K, capacity 6624K, committed 6784K, reserved 1056768K
  class space    used 779K, capacity 823K, committed 896K, reserved 1048576K
Event: 0,916 GC heap after
Heap after GC invocations=11 (full 4):
 PSYoungGen      total 96768K, used 0K [0x00000000ebb80000, 0x00000000fa280000, 0x0000000100000000)
  eden space 53760K, 0% used [0x00000000ebb80000,0x00000000ebb80000,0x00000000ef000000)
  from space 43008K, 0% used [0x00000000ef000000,0x00000000ef000000,0x00000000f1a00000)
  to   space 71680K, 0% used [0x00000000f5c80000,0x00000000f5c80000,0x00000000fa280000)
 ParOldGen       total 290304K, used 183130K [0x00000000c3200000, 0x00000000d4d80000, 0x00000000ebb80000)
  object space 290304K, 63% used [0x00000000c3200000,0x00000000ce4d69d0,0x00000000d4d80000)
 Metaspace       used 6478K, capacity 6624K, committed 6784K, reserved 1056768K
  class space    used 779K, capacity 823K, committed 896K, reserved 1048576K
}
Event: 0,929 GC heap before
{Heap before GC invocations=12 (full 4):
 PSYoungGen      total 96768K, used 53760K [0x00000000ebb80000, 0x00000000fa280000, 0x0000000100000000)
  eden space 53760K, 100% used [0x00000000ebb80000,0x00000000ef000000,0x00000000ef000000)
  from space 43008K, 0% used [0x00000000ef000000,0x00000000ef000000,0x00000000f1a00000)
  to   space 71680K, 0% used [0x00000000f5c80000,0x00000000f5c80000,0x00000000fa280000)
 ParOldGen       total 290304K, used 183130K [0x00000000c3200000, 0x00000000d4d80000, 0x00000000ebb80000)
  object space 290304K, 63% used [0x00000000c3200000,0x00000000ce4d69d0,0x00000000d4d80000)
 Metaspace       used 6478K, capacity 6624K, committed 6784K, reserved 1056768K
  class space    used 779K, capacity 823K, committed 896K, reserved 1048576K
Event: 0,948 GC heap after
Heap after GC invocations=12 (full 4):
 PSYoungGen      total 161280K, used 53536K [0x00000000ebb80000, 0x00000000fa500000, 0x0000000100000000)
  eden space 89600K, 0% used [0x00000000ebb80000,0x00000000ebb80000,0x00000000f1300000)
  from space 71680K, 74% used [0x00000000f5c80000,0x00000000f90c8000,0x00000000fa280000)
  to   space 74752K, 0% used [0x00000000f1300000,0x00000000f1300000,0x00000000f5c00000)
 ParOldGen       total 290304K, used 183130K [0x00000000c3200000, 0x00000000d4d80000, 0x00000000ebb80000)
  object space 290304K, 63% used [0x00000000c3200000,0x00000000ce4d69d0,0x00000000d4d80000)
 Metaspace       used 6478K, capacity 6624K, committed 6784K, reserved 1056768K
  class space    used 779K, capacity 823K, committed 896K, reserved 1048576K
}
Event: 0,968 GC heap before
{Heap before GC invocations=13 (full 4):
 PSYoungGen      total 161280K, used 143136K [0x00000000ebb80000, 0x00000000fa500000, 0x0000000100000000)
  eden space 89600K, 100% used [0x00000000ebb80000,0x00000000f1300000,0x00000000f1300000)
  from space 71680K, 74% used [0x00000000f5c80000,0x00000000f90c8000,0x00000000fa280000)
  to   space 74752K, 0% used [0x00000000f1300000,0x00000000f1300000,0x00000000f5c00000)
 ParOldGen       total 290304K, used 183130K [0x00000000c3200000, 0x00000000d4d80000, 0x00000000ebb80000)
  object space 290304K, 63% used [0x00000000c3200000,0x00000000ce4d69d0,0x00000000d4d80000)
 Metaspace       used 6478K, capacity 6624K, committed 6784K, reserved 1056768K
  class space    used 779K, capacity 823K, committed 896K, reserved 1048576K
Event: 1,007 GC heap after
Heap after GC invocations=13 (full 4):
 PSYoungGen      total 164352K, used 74752K [0x00000000ebb80000, 0x0000000100000000, 0x0000000100000000)
  eden space 89600K, 0% used [0x00000000ebb80000,0x00000000ebb80000,0x00000000f1300000)
  from space 74752K, 100% used [0x00000000f1300000,0x00000000f5c00000,0x00000000f5c00000)
  to   space 110592K, 0% used [0x00000000f9400000,0x00000000f9400000,0x0000000100000000)
 ParOldGen       total 290304K, used 258108K [0x00000000c3200000, 0x00000000d4d80000, 0x00000000ebb80000)
  object space 290304K, 88% used [0x00000000c3200000,0x00000000d2e0f3d0,0x00000000d4d80000)
 Metaspace       used 6478K, capacity 6624K, committed 6784K, reserved 1056768K
  class space    used 779K, capacity 823K, committed 896K, reserved 1048576K
}
Event: 1,007 GC heap before
{Heap before GC invocations=14 (full 5):
 PSYoungGen      total 164352K, used 74752K [0x00000000ebb80000, 0x0000000100000000, 0x0000000100000000)
  eden space 89600K, 0% used [0x00000000ebb80000,0x00000000ebb80000,0x00000000f1300000)
  from space 74752K, 100% used [0x00000000f1300000,0x00000000f5c00000,0x00000000f5c00000)
  to   space 110592K, 0% used [0x00000000f9400000,0x00000000f9400000,0x0000000100000000)
 ParOldGen       total 290304K, used 258108K [0x00000000c3200000, 0x00000000d4d80000, 0x00000000ebb80000)
  object space 290304K, 88% used [0x00000000c3200000,0x00000000d2e0f3d0,0x00000000d4d80000)
 Metaspace       used 6478K, capacity 6624K, committed 6784K, reserved 1056768K
  class space    used 779K, capacity 823K, committed 896K, reserved 1048576K

