# JRE version: Java(TM) SE Runtime Environment (8.0_131-b11) (build 1.8.0_131-b11)
# Java VM: Java HotSpot(TM) 64-Bit Server VM (25.131-b11 mixed mode linux-amd64 compressed oops)
Heap:
 PSYoungGen      total 195072K, used 9712K [0x00000000ebb80000, 0x00000000fe800000, 0x0000000100000000)
  eden space 114688K, 0% used [0x00000000ebb80000,0x00000000ebb80000,0x00000000f2b80000)
  from space 80384K, 12% used [0x00000000f8280000,0x00000000f8bfc1b0,0x00000000fd100000)
  to   space 89088K, 0% used [0x00000000f2b80000,0x00000000f2b80000,0x00000000f8280000)
 ParOldGen       total 192000K, used 191973K [0x00000000c3200000, 0x00000000ced80000, 0x00000000ebb80000)
  object space 192000K, 99% used [0x00000000c3200000,0x00000000ced79740,0x00000000ced80000)
 Metaspace       used 6604K, capacity 6786K, committed 7040K, reserved 1056768K
  class space    used 799K, capacity 857K, committed 896K, reserved 1048576K
GC Heap History (10 events):
Event: 0,750 GC heap after
Heap after GC invocations=11 (full 2):
 PSYoungGen      total 121856K, used 57856K [0x00000000ebb80000, 0x00000000fb580000, 0x0000000100000000)
  eden space 64000K, 0% used [0x00000000ebb80000,0x00000000ebb80000,0x00000000efa00000)
  from space 57856K, 100% used [0x00000000efa00000,0x00000000f3280000,0x00000000f3280000)
  to   space 83456K, 0% used [0x00000000f6400000,0x00000000f6400000,0x00000000fb580000)
 ParOldGen       total 130560K, used 130093K [0x00000000c3200000, 0x00000000cb180000, 0x00000000ebb80000)
  object space 130560K, 99% used [0x00000000c3200000,0x00000000cb10b5b8,0x00000000cb180000)
 Metaspace       used 6602K, capacity 6786K, committed 7040K, reserved 1056768K
  class space    used 799K, capacity 857K, committed 896K, reserved 1048576K
}
Event: 0,750 GC heap before
{Heap before GC invocations=12 (full 3):
 PSYoungGen      total 121856K, used 57856K [0x00000000ebb80000, 0x00000000fb580000, 0x0000000100000000)
  eden space 64000K, 0% used [0x00000000ebb80000,0x00000000ebb80000,0x00000000efa00000)
  from space 57856K, 100% used [0x00000000efa00000,0x00000000f3280000,0x00000000f3280000)
  to   space 83456K, 0% used [0x00000000f6400000,0x00000000f6400000,0x00000000fb580000)
 ParOldGen       total 130560K, used 130093K [0x00000000c3200000, 0x00000000cb180000, 0x00000000ebb80000)
  object space 130560K, 99% used [0x00000000c3200000,0x00000000cb10b5b8,0x00000000cb180000)
 Metaspace       used 6602K, capacity 6786K, committed 7040K, reserved 1056768K
  class space    used 799K, capacity 857K, committed 896K, reserved 1048576K
Event: 0,779 GC heap after
Heap after GC invocations=12 (full 3):
 PSYoungGen      total 121856K, used 0K [0x00000000ebb80000, 0x00000000fb580000, 0x0000000100000000)
  eden space 64000K, 0% used [0x00000000ebb80000,0x00000000ebb80000,0x00000000efa00000)
  from space 57856K, 0% used [0x00000000efa00000,0x00000000efa00000,0x00000000f3280000)
  to   space 83456K, 0% used [0x00000000f6400000,0x00000000f6400000,0x00000000fb580000)
 ParOldGen       total 187904K, used 116671K [0x00000000c3200000, 0x00000000ce980000, 0x00000000ebb80000)
  object space 187904K, 62% used [0x00000000c3200000,0x00000000ca3efd40,0x00000000ce980000)
 Metaspace       used 6602K, capacity 6786K, committed 7040K, reserved 1056768K
  class space    used 799K, capacity 857K, committed 896K, reserved 1048576K
}
Event: 0,850 GC heap before
{Heap before GC invocations=13 (full 3):
 PSYoungGen      total 121856K, used 64000K [0x00000000ebb80000, 0x00000000fb580000, 0x0000000100000000)
  eden space 64000K, 100% used [0x00000000ebb80000,0x00000000efa00000,0x00000000efa00000)
  from space 57856K, 0% used [0x00000000efa00000,0x00000000efa00000,0x00000000f3280000)
  to   space 83456K, 0% used [0x00000000f6400000,0x00000000f6400000,0x00000000fb580000)
 ParOldGen       total 187904K, used 116671K [0x00000000c3200000, 0x00000000ce980000, 0x00000000ebb80000)
  object space 187904K, 62% used [0x00000000c3200000,0x00000000ca3efd40,0x00000000ce980000)
 Metaspace       used 6604K, capacity 6786K, committed 7040K, reserved 1056768K
  class space    used 799K, capacity 857K, committed 896K, reserved 1048576K
Event: 0,867 GC heap after
Heap after GC invocations=13 (full 3):
 PSYoungGen      total 168448K, used 40576K [0x00000000ebb80000, 0x00000000fb180000, 0x0000000100000000)
  eden space 89088K, 0% used [0x00000000ebb80000,0x00000000ebb80000,0x00000000f1280000)
  from space 79360K, 51% used [0x00000000f6400000,0x00000000f8ba0000,0x00000000fb180000)
  to   space 81408K, 0% used [0x00000000f1280000,0x00000000f1280000,0x00000000f6200000)
 ParOldGen       total 187904K, used 116671K [0x00000000c3200000, 0x00000000ce980000, 0x00000000ebb80000)
  object space 187904K, 62% used [0x00000000c3200000,0x00000000ca3efd40,0x00000000ce980000)
 Metaspace       used 6604K, capacity 6786K, committed 7040K, reserved 1056768K
  class space    used 799K, capacity 857K, committed 896K, reserved 1048576K
}
Event: 0,993 GC heap before
{Heap before GC invocations=14 (full 3):
 PSYoungGen      total 168448K, used 129664K [0x00000000ebb80000, 0x00000000fb180000, 0x0000000100000000)
  eden space 89088K, 100% used [0x00000000ebb80000,0x00000000f1280000,0x00000000f1280000)
  from space 79360K, 51% used [0x00000000f6400000,0x00000000f8ba0000,0x00000000fb180000)
  to   space 81408K, 0% used [0x00000000f1280000,0x00000000f1280000,0x00000000f6200000)
 ParOldGen       total 187904K, used 116671K [0x00000000c3200000, 0x00000000ce980000, 0x00000000ebb80000)
  object space 187904K, 62% used [0x00000000c3200000,0x00000000ca3efd40,0x00000000ce980000)
 Metaspace       used 6604K, capacity 6786K, committed 7040K, reserved 1056768K
  class space    used 799K, capacity 857K, committed 896K, reserved 1048576K
Event: 1,017 GC heap after
Heap after GC invocations=14 (full 3):
 PSYoungGen      total 170496K, used 43104K [0x00000000ebb80000, 0x00000000fd100000, 0x0000000100000000)
  eden space 89088K, 0% used [0x00000000ebb80000,0x00000000ebb80000,0x00000000f1280000)
  from space 81408K, 52% used [0x00000000f1280000,0x00000000f3c98000,0x00000000f6200000)
  to   space 80384K, 0% used [0x00000000f8280000,0x00000000f8280000,0x00000000fd100000)
 ParOldGen       total 187904K, used 144039K [0x00000000c3200000, 0x00000000ce980000, 0x00000000ebb80000)
  object space 187904K, 76% used [0x00000000c3200000,0x00000000cbea9d40,0x00000000ce980000)
 Metaspace       used 6604K, capacity 6786K, committed 7040K, reserved 1056768K
  class space    used 799K, capacity 857K, committed 896K, reserved 1048576K
}
Event: 1,061 GC heap before
{Heap before GC invocations=15 (full 3):
 PSYoungGen      total 170496K, used 132192K [0x00000000ebb80000, 0x00000000fd100000, 0x0000000100000000)
  eden space 89088K, 100% used [0x00000000ebb80000,0x00000000f1280000,0x00000000f1280000)
  from space 81408K, 52% used [0x00000000f1280000,0x00000000f3c98000,0x00000000f6200000)
  to   space 80384K, 0% used [0x00000000f8280000,0x00000000f8280000,0x00000000fd100000)
 ParOldGen       total 187904K, used 144039K [0x00000000c3200000, 0x00000000ce980000, 0x00000000ebb80000)
  object space 187904K, 76% used [0x00000000c3200000,0x00000000cbea9d40,0x00000000ce980000)
 Metaspace       used 6604K, capacity 6786K, committed 7040K, reserved 1056768K
  class space    used 799K, capacity 857K, committed 896K, reserved 1048576K
Event: 1,248 GC heap after
Heap after GC invocations=15 (full 3):
 PSYoungGen      total 195072K, used 70848K [0x00000000ebb80000, 0x00000000fe800000, 0x0000000100000000)
  eden space 114688K, 0% used [0x00000000ebb80000,0x00000000ebb80000,0x00000000f2b80000)
  from space 80384K, 88% used [0x00000000f8280000,0x00000000fc7b0000,0x00000000fd100000)
  to   space 89088K, 0% used [0x00000000f2b80000,0x00000000f2b80000,0x00000000f8280000)
 ParOldGen       total 192000K, used 191687K [0x00000000c3200000, 0x00000000ced80000, 0x00000000ebb80000)
  object space 192000K, 99% used [0x00000000c3200000,0x00000000ced31d40,0x00000000ced80000)
 Metaspace       used 6604K, capacity 6786K, committed 7040K, reserved 1056768K
  class space    used 799K, capacity 857K, committed 896K, reserved 1048576K
}
Event: 1,304 GC heap before
{Heap before GC invocations=16 (full 4):
 PSYoungGen      total 195072K, used 70848K [0x00000000ebb80000, 0x00000000fe800000, 0x0000000100000000)
  eden space 114688K, 0% used [0x00000000ebb80000,0x00000000ebb80000,0x00000000f2b80000)
  from space 80384K, 88% used [0x00000000f8280000,0x00000000fc7b0000,0x00000000fd100000)
  to   space 89088K, 0% used [0x00000000f2b80000,0x00000000f2b80000,0x00000000f8280000)
 ParOldGen       total 192000K, used 191687K [0x00000000c3200000, 0x00000000ced80000, 0x00000000ebb80000)
  object space 192000K, 99% used [0x00000000c3200000,0x00000000ced31d40,0x00000000ced80000)
 Metaspace       used 6604K, capacity 6786K, committed 7040K, reserved 1056768K
  class space    used 799K, capacity 857K, committed 896K, reserved 1048576K

